# JRE version: OpenJDK Runtime Environment Temurin-17.0.2+8 (17.0.2+8) (build 17.0.2+8)
# Java VM: OpenJDK 64-Bit Server VM Temurin-17.0.2+8 (17.0.2+8, mixed mode, emulated-client, tiered, compressed oops, compressed class ptrs, g1 gc, linux-amd64)
GC Precious Log:
 CPUs: 8 total, 8 available
 Memory: 7906M
 Large Page Support: Disabled
 NUMA Support: Disabled
 Compressed Oops: Enabled (32-bit)
 Heap Region Size: 1M
 Heap Min Capacity: 8M
 Heap Initial Capacity: 124M
 Heap Max Capacity: 1978M
 Pre-touch: Disabled
 Parallel Workers: 8
 Concurrent Workers: 2
 Concurrent Refinement Workers: 8
 Periodic GC: Disabled
Heap:
 garbage-first heap   total 61440K, used 42147K [0x0000000084600000, 0x0000000100000000)
  region size 1024K, 30 young (30720K), 1 survivors (1024K)
 Metaspace       used 40650K, committed 41088K, reserved 1089536K
  class space    used 5035K, committed 5248K, reserved 1048576K
GC Heap History (20 events):
Event: 1,190 GC heap before
{Heap before GC invocations=2 (full 0):
 garbage-first heap   total 126976K, used 28732K [0x0000000084600000, 0x0000000100000000)
  region size 1024K, 25 young (25600K), 2 survivors (2048K)
 Metaspace       used 21298K, committed 21504K, reserved 1073152K
  class space    used 2403K, committed 2496K, reserved 1048576K
}
Event: 1,192 GC heap after
{Heap after GC invocations=3 (full 0):
 garbage-first heap   total 126976K, used 7062K [0x0000000084600000, 0x0000000100000000)
  region size 1024K, 2 young (2048K), 2 survivors (2048K)
 Metaspace       used 21298K, committed 21504K, reserved 1073152K
  class space    used 2403K, committed 2496K, reserved 1048576K
}
Event: 1,280 GC heap before
{Heap before GC invocations=4 (full 0):
 garbage-first heap   total 27648K, used 21398K [0x0000000084600000, 0x0000000100000000)
  region size 1024K, 18 young (18432K), 2 survivors (2048K)
 Metaspace       used 22839K, committed 23168K, reserved 1073152K
  class space    used 2651K, committed 2816K, reserved 1048576K
}
Event: 1,282 GC heap after
{Heap after GC invocations=5 (full 0):
 garbage-first heap   total 27648K, used 7454K [0x0000000084600000, 0x0000000100000000)
  region size 1024K, 3 young (3072K), 3 survivors (3072K)
 Metaspace       used 22839K, committed 23168K, reserved 1073152K
  class space    used 2651K, committed 2816K, reserved 1048576K
}
Event: 1,285 GC heap before
{Heap before GC invocations=5 (full 0):
 garbage-first heap   total 27648K, used 8478K [0x0000000084600000, 0x0000000100000000)
  region size 1024K, 4 young (4096K), 3 survivors (3072K)
 Metaspace       used 22904K, committed 23232K, reserved 1073152K
  class space    used 2659K, committed 2816K, reserved 1048576K
}
Event: 1,287 GC heap after
{Heap after GC invocations=6 (full 0):
 garbage-first heap   total 27648K, used 7651K [0x0000000084600000, 0x0000000100000000)
  region size 1024K, 1 young (1024K), 1 survivors (1024K)
 Metaspace       used 22904K, committed 23232K, reserved 1073152K
  class space    used 2659K, committed 2816K, reserved 1048576K
}
Event: 1,311 GC heap before
{Heap before GC invocations=6 (full 0):
 garbage-first heap   total 27648K, used 18915K [0x0000000084600000, 0x0000000100000000)
  region size 1024K, 13 young (13312K), 1 survivors (1024K)
 Metaspace       used 23894K, committed 24192K, reserved 1073152K
  class space    used 2755K, committed 2880K, reserved 1048576K
}
Event: 1,312 GC heap after
{Heap after GC invocations=7 (full 0):
 garbage-first heap   total 77824K, used 7496K [0x0000000084600000, 0x0000000100000000)
  region size 1024K, 1 young (1024K), 1 survivors (1024K)
 Metaspace       used 23894K, committed 24192K, reserved 1073152K
  class space    used 2755K, committed 2880K, reserved 1048576K
}
Event: 1,441 GC heap before
{Heap before GC invocations=7 (full 0):
 garbage-first heap   total 77824K, used 52552K [0x0000000084600000, 0x0000000100000000)
  region size 1024K, 45 young (46080K), 1 survivors (1024K)
 Metaspace       used 27946K, committed 28224K, reserved 1081344K
  class space    used 3272K, committed 3392K, reserved 1048576K
}
Event: 1,443 GC heap after
{Heap after GC invocations=8 (full 0):
 garbage-first heap   total 77824K, used 7947K [0x0000000084600000, 0x0000000100000000)
  region size 1024K, 2 young (2048K), 2 survivors (2048K)
 Metaspace       used 27946K, committed 28224K, reserved 1081344K
  class space    used 3272K, committed 3392K, reserved 1048576K
}
Event: 1,845 GC heap before
{Heap before GC invocations=8 (full 0):
 garbage-first heap   total 77824K, used 51979K [0x0000000084600000, 0x0000000100000000)
  region size 1024K, 45 young (46080K), 2 survivors (2048K)
 Metaspace       used 30343K, committed 30592K, reserved 1081344K
  class space    used 3637K, committed 3776K, reserved 1048576K
}
Event: 1,847 GC heap after
{Heap after GC invocations=9 (full 0):
 garbage-first heap   total 77824K, used 9466K [0x0000000084600000, 0x0000000100000000)
  region size 1024K, 3 young (3072K), 3 survivors (3072K)
 Metaspace       used 30343K, committed 30592K, reserved 1081344K
  class space    used 3637K, committed 3776K, reserved 1048576K
}
Event: 2,212 GC heap before
{Heap before GC invocations=9 (full 0):
 garbage-first heap   total 77824K, used 52474K [0x0000000084600000, 0x0000000100000000)
  region size 1024K, 45 young (46080K), 3 survivors (3072K)
 Metaspace       used 34354K, committed 34688K, reserved 1081344K
  class space    used 4199K, committed 4352K, reserved 1048576K
}
Event: 2,216 GC heap after
{Heap after GC invocations=10 (full 0):
 garbage-first heap   total 77824K, used 11605K [0x0000000084600000, 0x0000000100000000)
  region size 1024K, 5 young (5120K), 5 survivors (5120K)
 Metaspace       used 34354K, committed 34688K, reserved 1081344K
  class space    used 4199K, committed 4352K, reserved 1048576K
}
Event: 2,334 GC heap before
{Heap before GC invocations=10 (full 0):
 garbage-first heap   total 77824K, used 25941K [0x0000000084600000, 0x0000000100000000)
  region size 1024K, 20 young (20480K), 5 survivors (5120K)
 Metaspace       used 35615K, committed 35968K, reserved 1081344K
  class space    used 4349K, committed 4544K, reserved 1048576K
}
Event: 2,338 GC heap after
{Heap after GC invocations=11 (full 0):
 garbage-first heap   total 77824K, used 12699K [0x0000000084600000, 0x0000000100000000)
  region size 1024K, 4 young (4096K), 4 survivors (4096K)
 Metaspace       used 35615K, committed 35968K, reserved 1081344K
  class space    used 4349K, committed 4544K, reserved 1048576K
}
Event: 2,621 GC heap before
{Heap before GC invocations=12 (full 0):
 garbage-first heap   total 51200K, used 42395K [0x0000000084600000, 0x0000000100000000)
  region size 1024K, 34 young (34816K), 4 survivors (4096K)
 Metaspace       used 38034K, committed 38400K, reserved 1089536K
  class space    used 4697K, committed 4864K, reserved 1048576K
}
Event: 2,626 GC heap after
{Heap after GC invocations=13 (full 0):
 garbage-first heap   total 61440K, used 14379K [0x0000000084600000, 0x0000000100000000)
  region size 1024K, 3 young (3072K), 3 survivors (3072K)
 Metaspace       used 38034K, committed 38400K, reserved 1089536K
  class space    used 4697K, committed 4864K, reserved 1048576K
}
Event: 2,638 GC heap before
{Heap before GC invocations=13 (full 0):
 garbage-first heap   total 61440K, used 15403K [0x0000000084600000, 0x0000000100000000)
  region size 1024K, 4 young (4096K), 3 survivors (3072K)
 Metaspace       used 38126K, committed 38464K, reserved 1089536K
  class space    used 4711K, committed 4864K, reserved 1048576K
}
Event: 2,642 GC heap after
{Heap after GC invocations=14 (full 0):
 garbage-first heap   total 61440K, used 14499K [0x0000000084600000, 0x0000000100000000)
  region size 1024K, 1 young (1024K), 1 survivors (1024K)
 Metaspace       used 38126K, committed 38464K, reserved 1089536K
  class space    used 4711K, committed 4864K, reserved 1048576K
}

